2024-11-20 17:10:36,280 - werkzeug - WARNING -  * Debugger is active!
2024-11-20 17:10:36,288 - werkzeug - INFO -  * Debugger PIN: 278-097-720
2024-11-20 17:11:08,994 - werkzeug - INFO - 127.0.0.1 - - [20/Nov/2024 17:11:08] "OPTIONS /predict HTTP/1.1" 200 -
2024-11-20 17:11:09,235 - server - ERROR - Error getting client data: name 'prin' is not defined
2024-11-20 17:11:09,235 - werkzeug - INFO - 127.0.0.1 - - [20/Nov/2024 17:11:09] "[31m[1mPOST /predict HTTP/1.1[0m" 400 -
2024-11-20 17:11:28,239 - werkzeug - INFO -  * Detected change in 'C:\\Users\\John\\Desktop\\stock-predicting-ai\\backend\\server.py', reloading
2024-11-20 17:11:30,500 - werkzeug - WARNING -  * Debugger is active!
2024-11-20 17:11:30,508 - werkzeug - INFO -  * Debugger PIN: 278-097-720
2024-11-20 17:11:30,689 - werkzeug - INFO - 127.0.0.1 - - [20/Nov/2024 17:11:30] "OPTIONS /predict HTTP/1.1" 200 -
2024-11-20 17:11:30,692 - server - INFO - Model for ABBV does not exists. Preparing to train new model...
2024-11-20 17:11:30,692 - server - INFO - Getting data for ABBV...
2024-11-20 17:11:30,692 - werkzeug - INFO - 127.0.0.1 - - [20/Nov/2024 17:11:30] "[35m[1mPOST /predict HTTP/1.1[0m" 500 -
2024-11-20 17:11:39,038 - werkzeug - INFO -  * Detected change in 'C:\\Users\\John\\Desktop\\stock-predicting-ai\\backend\\server.py', reloading
2024-11-20 17:11:41,312 - werkzeug - WARNING -  * Debugger is active!
2024-11-20 17:11:41,320 - werkzeug - INFO -  * Debugger PIN: 278-097-720
2024-11-20 17:11:44,006 - werkzeug - INFO -  * Detected change in 'C:\\Users\\John\\Desktop\\stock-predicting-ai\\backend\\server.py', reloading
2024-11-20 17:11:46,241 - werkzeug - WARNING -  * Debugger is active!
2024-11-20 17:11:46,248 - werkzeug - INFO -  * Debugger PIN: 278-097-720
2024-11-20 17:11:46,438 - werkzeug - INFO - 127.0.0.1 - - [20/Nov/2024 17:11:46] "OPTIONS /predict HTTP/1.1" 200 -
2024-11-20 17:11:46,441 - server - INFO - Model for ABBV does not exists. Preparing to train new model...
2024-11-20 17:11:46,441 - server - INFO - Getting data for ABBV...
2024-11-20 17:11:46,441 - werkzeug - INFO - 127.0.0.1 - - [20/Nov/2024 17:11:46] "[35m[1mPOST /predict HTTP/1.1[0m" 500 -
2024-11-20 17:13:44,938 - werkzeug - INFO -  * Detected change in 'C:\\Users\\John\\Desktop\\stock-predicting-ai\\backend\\server.py', reloading
2024-11-20 17:13:47,147 - werkzeug - WARNING -  * Debugger is active!
2024-11-20 17:13:47,155 - werkzeug - INFO -  * Debugger PIN: 278-097-720
2024-11-20 17:13:48,822 - werkzeug - INFO - 127.0.0.1 - - [20/Nov/2024 17:13:48] "OPTIONS /predict HTTP/1.1" 200 -
2024-11-20 17:13:49,088 - server - INFO - Model for ABBV does not exists. Preparing to train new model...
2024-11-20 17:13:49,088 - server - INFO - Getting data for ABBV...
2024-11-20 17:13:49,089 - werkzeug - INFO - 127.0.0.1 - - [20/Nov/2024 17:13:49] "[35m[1mPOST /predict HTTP/1.1[0m" 500 -
2024-11-20 17:14:00,335 - werkzeug - INFO -  * Detected change in 'C:\\Users\\John\\Desktop\\stock-predicting-ai\\backend\\server.py', reloading
2024-11-20 17:14:02,466 - werkzeug - WARNING -  * Debugger is active!
2024-11-20 17:14:02,473 - werkzeug - INFO -  * Debugger PIN: 278-097-720
2024-11-20 17:37:53,084 - werkzeug - INFO -  * Detected change in 'C:\\Users\\John\\Desktop\\stock-predicting-ai\\backend\\services.py', reloading
2024-11-20 17:37:55,484 - werkzeug - WARNING -  * Debugger is active!
2024-11-20 17:37:55,494 - werkzeug - INFO -  * Debugger PIN: 278-097-720
2024-11-20 17:38:01,762 - werkzeug - INFO -  * Detected change in 'C:\\Users\\John\\Desktop\\stock-predicting-ai\\backend\\services.py', reloading
2024-11-20 17:38:04,313 - werkzeug - WARNING -  * Debugger is active!
2024-11-20 17:38:04,321 - werkzeug - INFO -  * Debugger PIN: 278-097-720
2024-11-20 17:38:10,545 - werkzeug - INFO - 127.0.0.1 - - [20/Nov/2024 17:38:10] "OPTIONS /predict HTTP/1.1" 200 -
2024-11-20 17:38:10,809 - server - INFO - Model for ABBV does not exists. Preparing to train new model...
2024-11-20 17:38:10,810 - server - INFO - Getting data for ABBV...
2024-11-20 17:38:10,810 - werkzeug - INFO - 127.0.0.1 - - [20/Nov/2024 17:38:10] "[35m[1mPOST /predict HTTP/1.1[0m" 500 -
2024-11-20 17:38:41,137 - werkzeug - INFO -  * Detected change in 'C:\\Users\\John\\Desktop\\stock-predicting-ai\\backend\\server.py', reloading
2024-11-20 17:38:59,009 - werkzeug - INFO - [31m[1mWARNING: This is a development server. Do not use it in a production deployment. Use a production WSGI server instead.[0m
 * Running on http://127.0.0.1:5000
2024-11-20 17:38:59,010 - werkzeug - INFO - [33mPress CTRL+C to quit[0m
2024-11-20 17:38:59,011 - werkzeug - INFO -  * Restarting with stat
2024-11-20 17:39:01,057 - werkzeug - WARNING -  * Debugger is active!
2024-11-20 17:39:01,065 - werkzeug - INFO -  * Debugger PIN: 278-097-720
2024-11-20 17:39:01,433 - werkzeug - INFO - 127.0.0.1 - - [20/Nov/2024 17:39:01] "OPTIONS /predict HTTP/1.1" 200 -
2024-11-20 17:39:01,699 - server - INFO - Model for ABBV does not exists. Preparing to train new model...
2024-11-20 17:39:01,700 - server - INFO - Getting data for ABBV...
2024-11-20 17:39:01,700 - werkzeug - INFO - 127.0.0.1 - - [20/Nov/2024 17:39:01] "[35m[1mPOST /predict HTTP/1.1[0m" 500 -
2024-11-20 17:39:20,228 - werkzeug - INFO -  * Detected change in 'C:\\Users\\John\\Desktop\\stock-predicting-ai\\backend\\server.py', reloading
2024-11-20 17:39:20,366 - werkzeug - INFO -  * Restarting with stat
2024-11-20 17:39:22,434 - werkzeug - WARNING -  * Debugger is active!
2024-11-20 17:39:22,442 - werkzeug - INFO -  * Debugger PIN: 278-097-720
2024-11-20 17:39:32,173 - werkzeug - INFO -  * Detected change in 'C:\\Users\\John\\Desktop\\stock-predicting-ai\\backend\\services.py', reloading
2024-11-20 17:39:32,342 - werkzeug - INFO -  * Restarting with stat
2024-11-20 17:39:34,522 - werkzeug - WARNING -  * Debugger is active!
2024-11-20 17:39:34,530 - werkzeug - INFO -  * Debugger PIN: 278-097-720
2024-11-20 17:40:45,245 - werkzeug - INFO -  * Detected change in 'C:\\Users\\John\\Desktop\\stock-predicting-ai\\backend\\server.py', reloading
2024-11-20 17:40:45,466 - werkzeug - INFO -  * Restarting with stat
2024-11-20 17:43:55,480 - werkzeug - INFO - [31m[1mWARNING: This is a development server. Do not use it in a production deployment. Use a production WSGI server instead.[0m
 * Running on http://127.0.0.1:5000
2024-11-20 17:43:55,480 - werkzeug - INFO - [33mPress CTRL+C to quit[0m
2024-11-20 17:43:55,481 - werkzeug - INFO -  * Restarting with stat
2024-11-20 17:43:57,499 - werkzeug - WARNING -  * Debugger is active!
2024-11-20 17:43:57,507 - werkzeug - INFO -  * Debugger PIN: 278-097-720
2024-11-20 17:43:57,690 - werkzeug - INFO - 127.0.0.1 - - [20/Nov/2024 17:43:57] "OPTIONS /predict HTTP/1.1" 200 -
2024-11-20 17:43:57,828 - server - INFO - Model for ABBV does not exists. Preparing to train new model...
2024-11-20 17:43:57,828 - server - INFO - Getting data for ABBV...
2024-11-20 17:43:57,836 - werkzeug - INFO - 127.0.0.1 - - [20/Nov/2024 17:43:57] "[35m[1mPOST /predict HTTP/1.1[0m" 500 -
2024-11-20 17:44:02,520 - werkzeug - INFO -  * Detected change in 'C:\\Users\\John\\Desktop\\stock-predicting-ai\\backend\\server.py', reloading
2024-11-20 17:44:02,707 - werkzeug - INFO -  * Restarting with stat
2024-11-20 17:46:46,794 - werkzeug - INFO - [31m[1mWARNING: This is a development server. Do not use it in a production deployment. Use a production WSGI server instead.[0m
 * Running on http://127.0.0.1:5000
2024-11-20 17:46:46,794 - werkzeug - INFO - [33mPress CTRL+C to quit[0m
2024-11-20 17:46:46,796 - werkzeug - INFO -  * Restarting with stat
2024-11-20 17:46:48,823 - werkzeug - WARNING -  * Debugger is active!
2024-11-20 17:46:48,831 - werkzeug - INFO -  * Debugger PIN: 278-097-720
2024-11-20 17:47:43,141 - werkzeug - INFO -  * Detected change in 'C:\\Users\\John\\Desktop\\stock-predicting-ai\\backend\\server.py', reloading
2024-11-20 17:47:43,280 - werkzeug - INFO -  * Restarting with stat
2024-11-20 17:47:45,387 - werkzeug - WARNING -  * Debugger is active!
2024-11-20 17:47:45,394 - werkzeug - INFO -  * Debugger PIN: 278-097-720
2024-11-20 17:47:46,919 - werkzeug - INFO -  * Detected change in 'C:\\Users\\John\\Desktop\\stock-predicting-ai\\backend\\server.py', reloading
2024-11-20 17:47:47,049 - werkzeug - INFO -  * Restarting with stat
2024-11-20 17:47:49,038 - werkzeug - WARNING -  * Debugger is active!
2024-11-20 17:47:49,046 - werkzeug - INFO -  * Debugger PIN: 278-097-720
2024-11-20 17:47:50,531 - werkzeug - INFO -  * Detected change in 'C:\\Users\\John\\Desktop\\stock-predicting-ai\\backend\\server.py', reloading
2024-11-20 17:47:50,649 - werkzeug - INFO -  * Restarting with stat
2024-11-20 17:47:52,687 - werkzeug - WARNING -  * Debugger is active!
2024-11-20 17:47:52,695 - werkzeug - INFO -  * Debugger PIN: 278-097-720
2024-11-20 17:48:43,421 - werkzeug - INFO -  * Detected change in 'C:\\Users\\John\\Desktop\\stock-predicting-ai\\backend\\server.py', reloading
2024-11-20 17:48:43,546 - werkzeug - INFO -  * Restarting with stat
2024-11-20 17:51:31,638 - werkzeug - INFO - [31m[1mWARNING: This is a development server. Do not use it in a production deployment. Use a production WSGI server instead.[0m
 * Running on http://127.0.0.1:5000
2024-11-20 17:51:31,638 - werkzeug - INFO - [33mPress CTRL+C to quit[0m
2024-11-20 17:51:31,640 - werkzeug - INFO -  * Restarting with stat
2024-11-20 17:51:33,673 - werkzeug - WARNING -  * Debugger is active!
2024-11-20 17:51:33,682 - werkzeug - INFO -  * Debugger PIN: 278-097-720
2024-11-20 17:51:33,863 - werkzeug - INFO - 127.0.0.1 - - [20/Nov/2024 17:51:33] "OPTIONS /predict HTTP/1.1" 200 -
2024-11-20 17:51:33,866 - server - INFO - Model for ABBV does not exists. Preparing to train new model...
2024-11-20 17:51:33,866 - server - INFO - Getting data for ABBV...
2024-11-20 17:51:33,866 - server - INFO - Data for ABBV is missing. Downloading new CSV data file for ABBV...
2024-11-20 17:51:33,870 - urllib3.connectionpool - DEBUG - Starting new HTTPS connection (1): www.alphavantage.co:443
2024-11-20 17:51:34,162 - urllib3.connectionpool - DEBUG - https://www.alphavantage.co:443 "GET /query?function=TIME_SERIES_DAILY&symbol=ABBV&outputsize=full&apikey=V3GYHPPKWIHBSGRS&datatype=csv HTTP/11" 200 160477
2024-11-20 17:51:34,627 - charset_normalizer - DEBUG - Encoding detection: ascii is most likely the one.
2024-11-20 17:51:34,707 - server - INFO - Data downloaded succesfully. Preprocessing for training...
2024-11-20 17:51:34,717 - server - ERROR - Problems with downloading data for ABBV. Error: 'columns_added'
2024-11-20 17:51:34,717 - werkzeug - INFO - 127.0.0.1 - - [20/Nov/2024 17:51:34] "[35m[1mPOST /predict HTTP/1.1[0m" 500 -
2024-11-20 17:51:42,283 - werkzeug - INFO -  * Detected change in 'C:\\Users\\John\\Desktop\\stock-predicting-ai\\backend\\server.py', reloading
2024-11-20 17:51:42,420 - werkzeug - INFO -  * Restarting with stat
2024-11-20 17:51:44,495 - werkzeug - WARNING -  * Debugger is active!
2024-11-20 17:51:44,503 - werkzeug - INFO -  * Debugger PIN: 278-097-720
2024-11-20 17:53:26,959 - werkzeug - INFO -  * Detected change in 'C:\\Users\\John\\Desktop\\stock-predicting-ai\\backend\\server.py', reloading
2024-11-20 17:53:27,104 - werkzeug - INFO -  * Restarting with stat
2024-11-20 17:53:29,177 - werkzeug - WARNING -  * Debugger is active!
2024-11-20 17:53:29,185 - werkzeug - INFO -  * Debugger PIN: 278-097-720
2024-11-20 17:53:36,565 - werkzeug - INFO -  * Detected change in 'C:\\Users\\John\\Desktop\\stock-predicting-ai\\backend\\server.py', reloading
2024-11-20 17:53:36,686 - werkzeug - INFO -  * Restarting with stat
2024-11-20 17:53:38,789 - werkzeug - WARNING -  * Debugger is active!
2024-11-20 17:53:38,797 - werkzeug - INFO -  * Debugger PIN: 278-097-720
2024-11-20 17:53:44,966 - werkzeug - INFO -  * Detected change in 'C:\\Users\\John\\Desktop\\stock-predicting-ai\\backend\\server.py', reloading
2024-11-20 17:53:45,115 - werkzeug - INFO -  * Restarting with stat
2024-11-20 17:53:47,182 - werkzeug - WARNING -  * Debugger is active!
2024-11-20 17:53:47,191 - werkzeug - INFO -  * Debugger PIN: 278-097-720
2024-11-20 17:53:48,748 - werkzeug - INFO -  * Detected change in 'C:\\Users\\John\\Desktop\\stock-predicting-ai\\backend\\server.py', reloading
2024-11-20 17:53:48,888 - werkzeug - INFO -  * Restarting with stat
2024-11-20 17:53:51,137 - werkzeug - WARNING -  * Debugger is active!
2024-11-20 17:53:51,145 - werkzeug - INFO -  * Debugger PIN: 278-097-720
2024-11-20 17:53:52,685 - werkzeug - INFO -  * Detected change in 'C:\\Users\\John\\Desktop\\stock-predicting-ai\\backend\\server.py', reloading
2024-11-20 17:53:52,830 - werkzeug - INFO -  * Restarting with stat
2024-11-20 17:53:54,897 - werkzeug - WARNING -  * Debugger is active!
2024-11-20 17:53:54,904 - werkzeug - INFO -  * Debugger PIN: 278-097-720
2024-11-20 17:53:57,542 - werkzeug - INFO -  * Detected change in 'C:\\Users\\John\\Desktop\\stock-predicting-ai\\backend\\server.py', reloading
2024-11-20 17:53:57,692 - werkzeug - INFO -  * Restarting with stat
2024-11-20 17:53:59,757 - werkzeug - WARNING -  * Debugger is active!
2024-11-20 17:53:59,766 - werkzeug - INFO -  * Debugger PIN: 278-097-720
2024-11-20 17:54:04,976 - werkzeug - INFO - 127.0.0.1 - - [20/Nov/2024 17:54:04] "OPTIONS /predict HTTP/1.1" 200 -
2024-11-20 17:54:05,240 - server - INFO - Model for ABBV does not exists. Preparing to train new model...
2024-11-20 17:54:05,240 - server - INFO - Getting data for ABBV...
2024-11-20 17:54:05,268 - server - INFO - Data succesfully processed. Checking whether it is outadated...
2024-11-20 17:54:05,268 - server - INFO - Data for ABBV is up to date. Adding entry into ./stock_data.json
2024-11-20 17:54:05,270 - server - INFO - Data for ABBV succesfully preprocessed and recorded into ./stock_data.json. Beginning training...
2024-11-20 17:54:05,270 - backend.model - INFO - Starting model...
2024-11-20 17:54:05,271 - backend.model - INFO - Normal training selected.
2024-11-20 17:54:05,271 - backend.model - INFO - Starting model training...
2024-11-20 17:54:05,271 - backend.model - INFO - Starting model training...
2024-11-20 17:54:06,505 - backend.model - INFO - Model trained in 1.23 seconds.
2024-11-20 17:54:06,506 - backend.model - INFO - Model trained.
2024-11-20 17:54:06,506 - server - INFO - Model for ABBV trained successfully. Saving model...
2024-11-20 17:54:06,542 - server - INFO - Model for ABBV saved successfully.
2024-11-20 17:54:06,542 - server - INFO - Using trained model to make prediction...
2024-11-20 17:54:06,551 - server - ERROR - Problems with making prediction for ABBV. Error: The feature names should match those that were passed during fit.
Feature names must be in the same order as they were in fit.

2024-11-20 17:54:06,553 - werkzeug - INFO - 127.0.0.1 - - [20/Nov/2024 17:54:06] "[35m[1mPOST /predict HTTP/1.1[0m" 500 -
2024-11-20 17:55:27,501 - werkzeug - INFO -  * Detected change in 'C:\\Users\\John\\Desktop\\stock-predicting-ai\\backend\\server.py', reloading
2024-11-20 17:55:27,625 - werkzeug - INFO -  * Restarting with stat
2024-11-20 17:55:29,845 - werkzeug - WARNING -  * Debugger is active!
2024-11-20 17:55:29,853 - werkzeug - INFO -  * Debugger PIN: 278-097-720
2024-11-20 17:55:37,460 - werkzeug - INFO - 127.0.0.1 - - [20/Nov/2024 17:55:37] "OPTIONS /predict HTTP/1.1" 200 -
2024-11-20 17:55:37,730 - server - INFO - Model for ABBV already exists. Loading model...
2024-11-20 17:55:37,779 - server - INFO - Model loaded. Preprocessing user input...
2024-11-20 17:55:37,785 - server - INFO - User input preprocessed. Making prediction...
2024-11-20 17:55:37,798 - server - ERROR - Problems with making prediction for ABBV. Error: The feature names should match those that were passed during fit.
Feature names seen at fit time, yet now missing:
- Volume

2024-11-20 17:55:37,800 - werkzeug - INFO - 127.0.0.1 - - [20/Nov/2024 17:55:37] "[35m[1mPOST /predict HTTP/1.1[0m" 500 -
2024-11-20 17:56:08,940 - werkzeug - INFO -  * Detected change in 'C:\\Users\\John\\Desktop\\stock-predicting-ai\\backend\\server.py', reloading
2024-11-20 17:56:09,104 - werkzeug - INFO -  * Restarting with stat
2024-11-20 17:56:11,210 - werkzeug - WARNING -  * Debugger is active!
2024-11-20 17:56:11,218 - werkzeug - INFO -  * Debugger PIN: 278-097-720
2024-11-20 17:56:12,562 - werkzeug - INFO - 127.0.0.1 - - [20/Nov/2024 17:56:12] "OPTIONS /predict HTTP/1.1" 200 -
2024-11-20 17:56:12,826 - server - ERROR - Error getting client data: name 'user' is not defined
2024-11-20 17:56:12,826 - werkzeug - INFO - 127.0.0.1 - - [20/Nov/2024 17:56:12] "[31m[1mPOST /predict HTTP/1.1[0m" 400 -
2024-11-20 17:56:45,613 - werkzeug - INFO -  * Detected change in 'C:\\Users\\John\\Desktop\\stock-predicting-ai\\backend\\server.py', reloading
2024-11-20 17:56:45,771 - werkzeug - INFO -  * Restarting with stat
2024-11-20 17:56:47,786 - werkzeug - WARNING -  * Debugger is active!
2024-11-20 17:56:47,793 - werkzeug - INFO -  * Debugger PIN: 278-097-720
2024-11-20 17:56:58,044 - werkzeug - INFO - 127.0.0.1 - - [20/Nov/2024 17:56:58] "OPTIONS /predict HTTP/1.1" 200 -
2024-11-20 17:56:58,311 - server - INFO - Model for ABBV does not exists. Preparing to train new model...
2024-11-20 17:56:58,311 - server - INFO - Getting data for ABBV...
2024-11-20 17:56:58,337 - server - INFO - Data succesfully processed. Checking whether it is outadated...
2024-11-20 17:56:58,338 - server - INFO - Data for ABBV is up to date. Adding entry into ./stock_data.json
2024-11-20 17:56:58,340 - server - INFO - Data for ABBV succesfully preprocessed and recorded into ./stock_data.json. Beginning training...
2024-11-20 17:56:58,340 - backend.model - INFO - Starting model...
2024-11-20 17:56:58,340 - backend.model - INFO - Normal training selected.
2024-11-20 17:56:58,340 - backend.model - INFO - Starting model training...
2024-11-20 17:56:58,340 - backend.model - INFO - Starting model training...
2024-11-20 17:56:59,605 - backend.model - INFO - Model trained in 1.27 seconds.
2024-11-20 17:56:59,606 - backend.model - INFO - Model trained.
2024-11-20 17:56:59,606 - server - INFO - Model for ABBV trained successfully. Saving model...
2024-11-20 17:56:59,643 - server - INFO - Model for ABBV saved successfully.
2024-11-20 17:56:59,643 - server - INFO - Using trained model to make prediction...
2024-11-20 17:56:59,655 - server - INFO - Prediction for ABBV succesful. Predicted price: [168.182]
2024-11-20 17:56:59,655 - server - ERROR - Problems with making prediction for ABBV. Error: Object of type ndarray is not JSON serializable
2024-11-20 17:56:59,657 - werkzeug - INFO - 127.0.0.1 - - [20/Nov/2024 17:56:59] "[35m[1mPOST /predict HTTP/1.1[0m" 500 -
2024-11-20 18:00:24,144 - werkzeug - INFO -  * Detected change in 'C:\\Users\\John\\Desktop\\stock-predicting-ai\\backend\\server.py', reloading
2024-11-20 18:00:24,281 - werkzeug - INFO -  * Restarting with stat
2024-11-20 18:00:40,851 - werkzeug - INFO - [31m[1mWARNING: This is a development server. Do not use it in a production deployment. Use a production WSGI server instead.[0m
 * Running on http://127.0.0.1:5000
2024-11-20 18:00:40,852 - werkzeug - INFO - [33mPress CTRL+C to quit[0m
2024-11-20 18:00:40,853 - werkzeug - INFO -  * Restarting with stat
2024-11-20 18:00:42,985 - werkzeug - WARNING -  * Debugger is active!
2024-11-20 18:00:43,000 - werkzeug - INFO -  * Debugger PIN: 278-097-720
