2024-11-13 18:19:49,481 - werkzeug - INFO - [31m[1mWARNING: This is a development server. Do not use it in a production deployment. Use a production WSGI server instead.[0m
 * Running on http://127.0.0.1:5000
2024-11-13 18:19:49,481 - werkzeug - INFO - [33mPress CTRL+C to quit[0m
2024-11-13 18:19:49,482 - werkzeug - INFO -  * Restarting with stat
2024-11-13 18:19:51,644 - werkzeug - WARNING -  * Debugger is active!
2024-11-13 18:19:51,652 - werkzeug - INFO -  * Debugger PIN: 133-791-358
2024-11-13 18:20:51,470 - werkzeug - INFO - 127.0.0.1 - - [13/Nov/2024 18:20:51] "OPTIONS /predict HTTP/1.1" 200 -
2024-11-13 18:20:51,736 - server - INFO - Starting train and predict route...
2024-11-13 18:20:51,737 - server - INFO - Model does not exist. Finding equity data file...
2024-11-13 18:20:51,737 - server - INFO - Data found in local database.
2024-11-13 18:20:51,754 - server - INFO - Data is outdated. Downloading new data...
2024-11-13 18:20:51,756 - urllib3.connectionpool - DEBUG - Starting new HTTPS connection (1): www.alphavantage.co:443
2024-11-13 18:20:52,108 - urllib3.connectionpool - DEBUG - https://www.alphavantage.co:443 "GET /query?function=TIME_SERIES_DAILY&symbol=GOOGL&outputsize=full&apikey=V3GYHPPKWIHBSGRS&datatype=csv HTTP/11" 200 291448
2024-11-13 18:20:52,323 - charset_normalizer - DEBUG - Encoding detection: ascii is most likely the one.
2024-11-13 18:20:52,407 - server - INFO - New data downloaded.
2024-11-13 18:20:52,407 - server - INFO - Preprocessing data for model prediction...
2024-11-13 18:20:52,423 - backend.model - INFO - Starting model...
2024-11-13 18:20:52,423 - backend.model - INFO - Normal training selected.
2024-11-13 18:20:52,423 - backend.model - INFO - Starting model training...
2024-11-13 18:20:54,556 - backend.model - INFO - Model trained in 2.13 seconds.
2024-11-13 18:20:54,556 - backend.model - INFO - Starting model training...
2024-11-13 18:20:54,577 - werkzeug - INFO - 127.0.0.1 - - [13/Nov/2024 18:20:54] "POST /predict HTTP/1.1" 200 -
