2024-11-21 01:04:34,282 - werkzeug - INFO - [31m[1mWARNING: This is a development server. Do not use it in a production deployment. Use a production WSGI server instead.[0m
 * Running on http://127.0.0.1:5000
2024-11-21 01:04:34,283 - werkzeug - INFO - [33mPress CTRL+C to quit[0m
2024-11-21 01:04:34,284 - werkzeug - INFO -  * Restarting with stat
2024-11-21 01:04:36,428 - werkzeug - WARNING -  * Debugger is active!
2024-11-21 01:04:36,437 - werkzeug - INFO -  * Debugger PIN: 278-097-720
2024-11-21 01:07:04,286 - werkzeug - INFO - 127.0.0.1 - - [21/Nov/2024 01:07:04] "OPTIONS /predict HTTP/1.1" 200 -
2024-11-21 01:07:04,553 - server - INFO - Model for ABBV does not exists. Preparing to train new model...
2024-11-21 01:07:04,554 - server - INFO - Getting data for ABBV...
2024-11-21 01:07:04,554 - werkzeug - INFO - 127.0.0.1 - - [21/Nov/2024 01:07:04] "[35m[1mPOST /predict HTTP/1.1[0m" 500 -
2024-11-21 01:07:30,450 - werkzeug - INFO -  * Detected change in 'C:\\Users\\John\\Desktop\\stock-predicting-ai\\backend\\server.py', reloading
2024-11-21 01:07:30,607 - werkzeug - INFO -  * Restarting with stat
2024-11-21 01:07:32,685 - werkzeug - WARNING -  * Debugger is active!
2024-11-21 01:07:32,694 - werkzeug - INFO -  * Debugger PIN: 278-097-720
2024-11-21 01:07:32,879 - werkzeug - INFO - 127.0.0.1 - - [21/Nov/2024 01:07:32] "OPTIONS /predict HTTP/1.1" 200 -
2024-11-21 01:07:32,881 - server - INFO - Model for ABBV does not exists. Preparing to train new model...
2024-11-21 01:07:32,881 - server - INFO - Getting data for ABBV...
2024-11-21 01:07:32,881 - werkzeug - INFO - 127.0.0.1 - - [21/Nov/2024 01:07:32] "[35m[1mPOST /predict HTTP/1.1[0m" 500 -
2024-11-21 01:07:35,430 - werkzeug - INFO -  * Detected change in 'C:\\Users\\John\\Desktop\\stock-predicting-ai\\backend\\server.py', reloading
2024-11-21 01:07:35,597 - werkzeug - INFO -  * Restarting with stat
2024-11-21 01:07:37,749 - werkzeug - WARNING -  * Debugger is active!
2024-11-21 01:07:37,757 - werkzeug - INFO -  * Debugger PIN: 278-097-720
2024-11-21 01:09:13,880 - werkzeug - INFO - 127.0.0.1 - - [21/Nov/2024 01:09:13] "OPTIONS /predict HTTP/1.1" 200 -
2024-11-21 01:09:14,145 - server - INFO - Model for ABBV does not exists. Preparing to train new model...
2024-11-21 01:09:14,145 - server - INFO - Getting data for ABBV...
2024-11-21 01:09:14,145 - werkzeug - INFO - 127.0.0.1 - - [21/Nov/2024 01:09:14] "[35m[1mPOST /predict HTTP/1.1[0m" 500 -
2024-11-21 01:09:26,219 - werkzeug - INFO -  * Detected change in 'C:\\Users\\John\\Desktop\\stock-predicting-ai\\backend\\server.py', reloading
2024-11-21 01:09:26,363 - werkzeug - INFO -  * Restarting with stat
2024-11-21 01:09:28,739 - werkzeug - WARNING -  * Debugger is active!
2024-11-21 01:09:28,747 - werkzeug - INFO -  * Debugger PIN: 278-097-720
2024-11-21 01:09:36,129 - werkzeug - INFO -  * Detected change in 'C:\\Users\\John\\Desktop\\stock-predicting-ai\\backend\\server.py', reloading
2024-11-21 01:09:36,252 - werkzeug - INFO -  * Restarting with stat
2024-11-21 01:09:38,349 - werkzeug - WARNING -  * Debugger is active!
2024-11-21 01:09:38,357 - werkzeug - INFO -  * Debugger PIN: 278-097-720
2024-11-21 01:09:58,495 - werkzeug - INFO - 127.0.0.1 - - [21/Nov/2024 01:09:58] "OPTIONS /predict HTTP/1.1" 200 -
2024-11-21 01:09:58,760 - server - INFO - Model for ABBV does not exists. Preparing to train new model...
2024-11-21 01:09:58,760 - server - INFO - Getting data for ABBV...
2024-11-21 01:09:58,760 - werkzeug - INFO - 127.0.0.1 - - [21/Nov/2024 01:09:58] "[35m[1mPOST /predict HTTP/1.1[0m" 500 -
2024-11-21 01:10:33,900 - werkzeug - INFO -  * Detected change in 'C:\\Users\\John\\Desktop\\stock-predicting-ai\\backend\\server.py', reloading
2024-11-21 01:10:34,137 - werkzeug - INFO -  * Restarting with stat
2024-11-21 01:11:28,390 - werkzeug - INFO -  * Restarting with stat
2024-11-21 01:11:39,201 - werkzeug - INFO -  * Restarting with stat
2024-11-21 01:11:44,166 - werkzeug - INFO -  * Restarting with stat
2024-11-21 01:13:45,089 - werkzeug - INFO -  * Restarting with stat
2024-11-21 01:14:00,448 - werkzeug - INFO -  * Restarting with stat
2024-11-21 01:37:53,212 - werkzeug - INFO -  * Restarting with stat
2024-11-21 01:38:01,907 - werkzeug - INFO -  * Restarting with stat
2024-11-21 01:38:41,273 - werkzeug - INFO -  * Restarting with stat
